{"level":"info","message":"Environment mode: development","timestamp":"2025-03-31T21:57:48.988Z"}
{"level":"info","message":"Returns processing skipped in development mode","timestamp":"2025-03-31T21:57:48.992Z"}
{"level":"info","message":"Environment mode: development","timestamp":"2025-03-31T22:03:57.278Z"}
{"level":"info","message":"Returns processing skipped in development mode","timestamp":"2025-03-31T22:03:57.280Z"}{"level":"info","message":"Environment mode: development","timestamp":"2025-03-31T22:16:42.273Z"}
{"level":"info","message":"Returns processing skipped in development mode","timestamp":"2025-03-31T22:16:42.275Z"}
{"level":"info","message":"Environment mode: development","timestamp":"2025-03-31T22:18:22.594Z"}
{"level":"info","message":"Returns processing skipped in development mode","timestamp":"2025-03-31T22:18:22.595Z"}
{"level":"info","message":"Environment mode: development, NODE_ENV=development","timestamp":"2025-03-31T22:26:20.289Z"}
{"level":"info","message":"Returns processing skipped in development mode","timestamp":"2025-03-31T22:26:20.292Z"}
{"level":"info","message":"Environment mode: development, NODE_ENV=development","timestamp":"2025-03-31T22:27:02.360Z"}
{"level":"info","message":"Returns processing skipped in development mode","timestamp":"2025-03-31T22:27:02.361Z"}
{"level":"info","message":"Environment mode: production, NODE_ENV=development","timestamp":"2025-03-31T22:29:37.883Z"}
{"level":"info","message":"Returns cron job started","timestamp":"2025-03-31T22:29:37.887Z"}
{"level":"info","message":"Starting daily returns processing...","timestamp":"2025-03-31T22:30:00.898Z"}
{"level":"info","message":"Returns processed successfully","timestamp":"2025-03-31T22:30:03.856Z"}
{"level":"info","message":"Starting daily returns processing...","timestamp":"2025-03-31T22:31:00.926Z"}
{"level":"info","message":"Returns processed successfully","timestamp":"2025-03-31T22:31:03.789Z"}
{"level":"info","message":"Starting daily returns processing...","timestamp":"2025-03-31T22:32:00.949Z"}
{"level":"info","message":"Returns processed successfully","timestamp":"2025-03-31T22:32:03.822Z"}
{"level":"info","message":"Starting daily returns processing...","timestamp":"2025-03-31T22:33:00.977Z"}
{"level":"info","message":"Returns processed successfully","timestamp":"2025-03-31T22:33:03.841Z"}
{"level":"info","message":"Starting daily returns processing...","timestamp":"2025-03-31T22:34:00.009Z"}
{"level":"info","message":"Returns processed successfully","timestamp":"2025-03-31T22:34:02.877Z"}
{"level":"info","message":"Starting daily returns processing...","timestamp":"2025-03-31T22:35:00.034Z"}
{"level":"info","message":"Returns processed successfully","timestamp":"2025-03-31T22:35:02.909Z"}
{"level":"info","message":"Starting daily returns processing...","timestamp":"2025-03-31T22:36:00.063Z"}
{"level":"info","message":"Returns processed successfully","timestamp":"2025-03-31T22:36:02.923Z"}
{"level":"info","message":"Starting daily returns processing...","timestamp":"2025-03-31T22:37:00.097Z"}
{"level":"info","message":"Returns processed successfully","timestamp":"2025-03-31T22:37:02.968Z"}
{"level":"info","message":"Starting daily returns processing...","timestamp":"2025-03-31T22:38:00.123Z"}
{"level":"info","message":"Returns processed successfully","timestamp":"2025-03-31T22:38:02.986Z"}
{"level":"info","message":"Starting daily returns processing...","timestamp":"2025-03-31T22:39:00.144Z"}
{"level":"info","message":"Returns processed successfully","timestamp":"2025-03-31T22:39:03.039Z"}
{"level":"info","message":"Starting daily returns processing...","timestamp":"2025-03-31T22:40:00.178Z"}
{"level":"info","message":"Returns processed successfully","timestamp":"2025-03-31T22:40:03.072Z"}
{"level":"info","message":"Starting daily returns processing...","timestamp":"2025-03-31T22:41:00.222Z"}
{"level":"info","message":"Returns processed successfully","timestamp":"2025-03-31T22:41:03.087Z"}
{"level":"info","message":"Starting daily returns processing...","timestamp":"2025-03-31T22:42:00.246Z"}
{"level":"info","message":"Returns processed successfully","timestamp":"2025-03-31T22:42:03.115Z"}
{"level":"info","message":"Starting daily returns processing...","timestamp":"2025-03-31T22:43:00.265Z"}
{"level":"info","message":"Returns processed successfully","timestamp":"2025-03-31T22:43:03.121Z"}
{"level":"info","message":"Starting daily returns processing...","timestamp":"2025-03-31T22:44:00.298Z"}
{"level":"info","message":"Returns processed successfully","timestamp":"2025-03-31T22:44:03.157Z"}{"level":"info","message":"Starting daily returns processing...","timestamp":"2025-03-31T22:45:00.324Z"}
{"level":"info","message":"Returns processed successfully","timestamp":"2025-03-31T22:45:03.179Z"}
{"level":"info","message":"Starting daily returns processing...","timestamp":"2025-03-31T22:46:00.353Z"}
{"level":"info","message":"Returns processed successfully","timestamp":"2025-03-31T22:46:03.220Z"}
{"level":"info","message":"Starting daily returns processing...","timestamp":"2025-03-31T22:47:00.377Z"}
{"level":"info","message":"Returns processed successfully","timestamp":"2025-03-31T22:47:03.231Z"}
{"level":"info","message":"Starting daily returns processing...","timestamp":"2025-03-31T22:48:00.411Z"}
{"level":"info","message":"Returns processed successfully","timestamp":"2025-03-31T22:48:03.268Z"}
{"level":"info","message":"Starting daily returns processing...","timestamp":"2025-03-31T22:49:00.438Z"}
{"level":"info","message":"Returns processed successfully","timestamp":"2025-03-31T22:49:03.296Z"}
{"level":"info","message":"Starting daily returns processing...","timestamp":"2025-03-31T22:50:00.456Z"}
{"level":"info","message":"Returns processed successfully","timestamp":"2025-03-31T22:50:03.339Z"}
{"level":"info","message":"Environment mode: production, NODE_ENV=development","timestamp":"2025-03-31T22:50:35.070Z"}
{"level":"info","message":"Returns cron job started","timestamp":"2025-03-31T22:50:35.075Z"}
{"level":"info","message":"Starting daily returns processing...","timestamp":"2025-03-31T22:51:00.086Z"}
{"level":"info","message":"Returns processed successfully","timestamp":"2025-03-31T22:51:02.975Z"}
{"level":"info","message":"Starting daily returns processing...","timestamp":"2025-03-31T22:52:00.126Z"}
{"level":"info","message":"Returns processed successfully","timestamp":"2025-03-31T22:52:02.982Z"}
{"level":"info","message":"Starting daily returns processing...","timestamp":"2025-03-31T22:53:00.153Z"}
{"level":"info","message":"Returns processed successfully","timestamp":"2025-03-31T22:53:03.015Z"}
{"level":"info","message":"Starting daily returns processing...","timestamp":"2025-03-31T22:54:00.179Z"}
{"level":"info","message":"Returns processed successfully","timestamp":"2025-03-31T22:54:03.042Z"}
{"level":"info","message":"Starting daily returns processing...","timestamp":"2025-03-31T22:55:00.211Z"}
{"level":"info","message":"Returns processed successfully","timestamp":"2025-03-31T22:55:03.077Z"}
{"level":"info","message":"Starting daily returns processing...","timestamp":"2025-03-31T22:56:00.235Z"}
{"level":"info","message":"Returns processed successfully","timestamp":"2025-03-31T22:56:03.089Z"}
{"level":"info","message":"Starting daily returns processing...","timestamp":"2025-03-31T22:57:00.267Z"}
{"level":"info","message":"Returns processed successfully","timestamp":"2025-03-31T22:57:03.133Z"}
{"level":"info","message":"Starting daily returns processing...","timestamp":"2025-03-31T22:58:00.290Z"}
{"level":"info","message":"Returns processed successfully","timestamp":"2025-03-31T22:58:03.138Z"}
{"level":"info","message":"Environment mode: production, NODE_ENV=development","timestamp":"2025-03-31T22:58:44.646Z"}
{"level":"info","message":"Returns cron job started","timestamp":"2025-03-31T22:58:44.650Z"}
{"level":"info","message":"Starting daily returns processing...","timestamp":"2025-03-31T22:59:00.660Z"}
{"level":"info","message":"Returns processed successfully","timestamp":"2025-03-31T22:59:06.964Z"}
{"level":"info","message":"Starting daily returns processing...","timestamp":"2025-03-31T23:00:00.693Z"}
{"level":"info","message":"Returns processed successfully","timestamp":"2025-03-31T23:00:01.310Z"}
{"level":"info","message":"Starting daily returns processing...","timestamp":"2025-03-31T23:01:00.720Z"}
{"level":"info","message":"Returns processed successfully","timestamp":"2025-03-31T23:01:01.338Z"}
{"level":"info","message":"Starting daily returns processing...","timestamp":"2025-03-31T23:02:00.746Z"}
{"level":"info","message":"Returns processed successfully","timestamp":"2025-03-31T23:02:01.354Z"}
{"level":"info","message":"Starting daily returns processing...","timestamp":"2025-03-31T23:03:00.782Z"}
{"level":"info","message":"Returns processed successfully","timestamp":"2025-03-31T23:03:01.396Z"}
{"level":"info","message":"Starting daily returns processing...","timestamp":"2025-03-31T23:04:00.810Z"}
{"level":"info","message":"Returns processed successfully","timestamp":"2025-03-31T23:04:01.418Z"}
{"level":"info","message":"Environment mode: production, NODE_ENV=development","timestamp":"2025-03-31T23:05:00.028Z"}
{"level":"info","message":"Returns cron job started","timestamp":"2025-03-31T23:05:00.034Z"}
{"level":"info","message":"Starting daily returns processing...","timestamp":"2025-03-31T23:06:00.063Z"}
{"level":"info","message":"Returns processed successfully","timestamp":"2025-03-31T23:06:00.657Z"}
{"level":"info","message":"Starting daily returns processing...","timestamp":"2025-03-31T23:07:00.099Z"}
{"level":"info","message":"Returns processed successfully","timestamp":"2025-03-31T23:07:00.682Z"}
{"level":"info","message":"Starting daily returns processing...","timestamp":"2025-03-31T23:08:00.129Z"}
{"level":"info","message":"Returns processed successfully","timestamp":"2025-03-31T23:08:00.720Z"}
{"level":"info","message":"Environment mode: production, NODE_ENV=development","timestamp":"2025-03-31T23:08:41.585Z"}
{"level":"info","message":"Returns cron job started","timestamp":"2025-03-31T23:08:41.589Z"}
{"level":"info","message":"Starting daily returns processing...","timestamp":"2025-03-31T23:09:00.594Z"}
{"level":"info","message":"Returns processed successfully","timestamp":"2025-03-31T23:09:01.209Z"}
{"level":"info","message":"Starting daily returns processing...","timestamp":"2025-03-31T23:10:00.627Z"}
{"level":"info","message":"Returns processed successfully","timestamp":"2025-03-31T23:10:01.226Z"}
{"level":"info","message":"Starting daily returns processing...","timestamp":"2025-03-31T23:11:00.650Z"}
{"level":"info","message":"Returns processed successfully","timestamp":"2025-03-31T23:11:01.251Z"}
{"level":"info","message":"Starting daily returns processing...","timestamp":"2025-03-31T23:12:00.668Z"}
{"level":"info","message":"Returns processed successfully","timestamp":"2025-03-31T23:12:01.264Z"}
{"level":"info","message":"Starting daily returns processing...","timestamp":"2025-03-31T23:13:00.694Z"}
{"level":"info","message":"Returns processed successfully","timestamp":"2025-03-31T23:13:01.297Z"}
{"level":"info","message":"Starting daily returns processing...","timestamp":"2025-03-31T23:14:00.716Z"}
{"level":"info","message":"Returns processed successfully","timestamp":"2025-03-31T23:14:01.315Z"}
{"level":"info","message":"Starting daily returns processing...","timestamp":"2025-03-31T23:15:00.752Z"}
{"level":"info","message":"Returns processed successfully","timestamp":"2025-03-31T23:15:01.355Z"}
{"level":"info","message":"Starting daily returns processing...","timestamp":"2025-03-31T23:16:00.781Z"}
{"level":"info","message":"Returns processed successfully","timestamp":"2025-03-31T23:16:01.377Z"}
{"level":"info","message":"Starting daily returns processing...","timestamp":"2025-03-31T23:17:00.810Z"}
{"level":"info","message":"Returns processed successfully","timestamp":"2025-03-31T23:17:01.413Z"}
{"level":"info","message":"Starting daily returns processing...","timestamp":"2025-03-31T23:18:00.838Z"}
{"level":"info","message":"Returns processed successfully","timestamp":"2025-03-31T23:18:01.433Z"}
{"level":"info","message":"Starting daily returns processing...","timestamp":"2025-03-31T23:19:00.869Z"}
{"level":"info","message":"Returns processed successfully","timestamp":"2025-03-31T23:19:01.476Z"}
{"level":"info","message":"Starting daily returns processing...","timestamp":"2025-03-31T23:20:00.900Z"}
{"level":"info","message":"Returns processed successfully","timestamp":"2025-03-31T23:20:01.503Z"}
{"level":"info","message":"Starting daily returns processing...","timestamp":"2025-03-31T23:21:00.922Z"}
{"level":"info","message":"Returns processed successfully","timestamp":"2025-03-31T23:21:01.524Z"}
{"level":"info","message":"Environment mode: production, NODE_ENV=development","timestamp":"2025-03-31T23:21:09.218Z"}
{"level":"info","message":"Returns cron job started","timestamp":"2025-03-31T23:21:09.222Z"}
{"level":"info","message":"Starting daily returns processing...","timestamp":"2025-04-01T00:00:00.290Z"}
{"level":"info","message":"Returns processed successfully","timestamp":"2025-04-01T00:00:00.485Z"}
{"level":"info","message":"Environment mode: production, NODE_ENV=development","timestamp":"2025-04-01T06:51:33.730Z"}
{"level":"info","message":"Returns cron job started","timestamp":"2025-04-01T06:51:33.741Z"}
{"level":"info","message":"Environment mode: production, NODE_ENV=development","timestamp":"2025-04-01T17:54:30.611Z"}
{"level":"info","message":"Returns cron job started","timestamp":"2025-04-01T17:54:30.630Z"}
{"level":"info","message":"Starting daily returns processing...","timestamp":"2025-04-02T00:00:00.448Z"}
{"level":"info","message":"Returns processed successfully","timestamp":"2025-04-02T00:00:00.667Z"}
{"level":"info","message":"Environment mode: production, NODE_ENV=development","timestamp":"2025-04-02T00:29:28.021Z"}
{"level":"info","message":"Returns cron job started","timestamp":"2025-04-02T00:29:28.033Z"}
{"level":"info","message":"Environment mode: production, NODE_ENV=development","timestamp":"2025-04-02T00:41:48.601Z"}
{"level":"info","message":"Returns cron job started","timestamp":"2025-04-02T00:41:48.605Z"}
{"level":"info","message":"Environment mode: production, NODE_ENV=development","timestamp":"2025-04-02T00:56:39.538Z"}
{"level":"info","message":"Returns cron job started","timestamp":"2025-04-02T00:56:39.546Z"}
{"level":"info","message":"Environment mode: production, NODE_ENV=development","timestamp":"2025-04-02T01:02:06.005Z"}
{"level":"info","message":"Returns cron job started","timestamp":"2025-04-02T01:02:06.010Z"}
{"level":"info","message":"Environment mode: production, NODE_ENV=development","timestamp":"2025-04-02T01:03:15.598Z"}
{"level":"info","message":"Returns cron job started","timestamp":"2025-04-02T01:03:15.602Z"}
{"level":"info","message":"Environment mode: production, NODE_ENV=development","timestamp":"2025-04-02T01:08:13.452Z"}
{"level":"info","message":"Returns cron job started","timestamp":"2025-04-02T01:08:13.456Z"}
{"level":"info","message":"Environment mode: production, NODE_ENV=development","timestamp":"2025-04-02T01:11:00.697Z"}
{"level":"info","message":"Returns cron job started","timestamp":"2025-04-02T01:11:00.702Z"}
{"level":"info","message":"Environment mode: production, NODE_ENV=development","timestamp":"2025-04-02T01:13:41.183Z"}
{"level":"info","message":"Returns cron job started","timestamp":"2025-04-02T01:13:41.189Z"}
{"level":"info","message":"Environment mode: production, NODE_ENV=development","timestamp":"2025-04-02T01:17:03.387Z"}
{"level":"info","message":"Returns cron job started","timestamp":"2025-04-02T01:17:03.392Z"}
{"level":"info","message":"Environment mode: production, NODE_ENV=development","timestamp":"2025-04-02T01:22:38.701Z"}
{"level":"info","message":"Returns cron job started","timestamp":"2025-04-02T01:22:38.705Z"}
{"level":"info","message":"Starting daily returns processing...","timestamp":"2025-04-03T00:00:00.546Z"}
{"level":"info","message":"Returns processed successfully","timestamp":"2025-04-03T00:00:01.068Z"}
{"level":"info","message":"Environment mode: production, NODE_ENV=development","timestamp":"2025-04-03T07:25:33.879Z"}
{"level":"info","message":"Returns cron job started","timestamp":"2025-04-03T07:25:33.894Z"}
{"level":"info","message":"Environment mode: production, NODE_ENV=development","timestamp":"2025-04-03T07:57:56.132Z"}
{"level":"info","message":"Returns cron job started","timestamp":"2025-04-03T07:57:56.137Z"}
{"level":"info","message":"Environment mode: production, NODE_ENV=development","timestamp":"2025-04-03T16:06:04.663Z"}
{"level":"info","message":"Returns cron job started","timestamp":"2025-04-03T16:06:04.667Z"}
{"level":"info","message":"Environment mode: production, NODE_ENV=development","timestamp":"2025-04-03T17:19:35.608Z"}
{"level":"info","message":"Returns cron job started","timestamp":"2025-04-03T17:19:35.612Z"}
{"level":"info","message":"Environment mode: production, NODE_ENV=development","timestamp":"2025-04-03T17:21:11.737Z"}
{"level":"info","message":"Returns cron job started","timestamp":"2025-04-03T17:21:11.741Z"}
{"level":"info","message":"Environment mode: production, NODE_ENV=development","timestamp":"2025-04-03T18:13:14.089Z"}
{"level":"info","message":"Returns cron job started","timestamp":"2025-04-03T18:13:14.093Z"}
{"level":"info","message":"Environment mode: production, NODE_ENV=development","timestamp":"2025-04-03T18:20:34.948Z"}
{"level":"info","message":"Returns cron job started","timestamp":"2025-04-03T18:20:34.953Z"}{"level":"info","message":"Starting daily returns processing...","timestamp":"2025-04-04T00:00:00.265Z"}
{"level":"info","message":"Returns processed successfully","timestamp":"2025-04-04T00:00:00.925Z"}
{"level":"info","message":"Starting daily returns processing...","timestamp":"2025-04-05T00:00:00.276Z"}
{"level":"info","message":"Returns processed successfully","timestamp":"2025-04-05T00:00:00.425Z"}
{"level":"info","message":"Starting daily returns processing...","timestamp":"2025-04-06T00:00:00.693Z"}
{"level":"info","message":"Returns processed successfully","timestamp":"2025-04-06T00:00:00.856Z"}
{"level":"info","message":"Starting daily returns processing...","timestamp":"2025-04-07T00:00:00.968Z"}
{"level":"info","message":"Returns processed successfully","timestamp":"2025-04-07T00:00:01.235Z"}
