{"level":"info","message":"Daily Returns Processing Started","timestamp":"2025-03-31T22:51:00.087Z"}
{"level":"info","message":"Processing returns for 3 active deposits","timestamp":"2025-03-31T22:51:00.718Z"}
{"level":"info","message":"Credited: BNBX233985 - 125.00 USDT","timestamp":"2025-03-31T22:51:01.339Z"}
{"level":"info","message":"Credited: BNBX233985 - 10.00 USDT","timestamp":"2025-03-31T22:51:01.954Z"}
{"level":"info","message":"Credited: BNBX507066 - 10.00 USDT","timestamp":"2025-03-31T22:51:02.567Z"}
{"level":"info","message":"Processed: 3 deposits, Total: 145.00 USDT","timestamp":"2025-03-31T22:51:02.567Z"}
{"level":"info","message":"Processing 0 stakes for unlocking","timestamp":"2025-03-31T22:51:02.770Z"}
{"level":"info","message":"Daily Returns Processing Completed","timestamp":"2025-03-31T22:51:02.771Z"}
{"level":"info","message":"Daily Returns Processing Started","timestamp":"2025-03-31T22:52:00.126Z"}
{"level":"info","message":"Processing returns for 3 active deposits","timestamp":"2025-03-31T22:52:00.736Z"}
{"level":"info","message":"Credited: BNBX233985 - 125.00 USDT","timestamp":"2025-03-31T22:52:01.348Z"}
{"level":"info","message":"Credited: BNBX233985 - 10.00 USDT","timestamp":"2025-03-31T22:52:01.962Z"}
{"level":"info","message":"Credited: BNBX507066 - 10.00 USDT","timestamp":"2025-03-31T22:52:02.575Z"}
{"level":"info","message":"Processed: 3 deposits, Total: 145.00 USDT","timestamp":"2025-03-31T22:52:02.575Z"}
{"level":"info","message":"Processing 0 stakes for unlocking","timestamp":"2025-03-31T22:52:02.777Z"}
{"level":"info","message":"Daily Returns Processing Completed","timestamp":"2025-03-31T22:52:02.777Z"}
{"level":"info","message":"Daily Returns Processing Started","timestamp":"2025-03-31T22:53:00.154Z"}
{"level":"info","message":"Processing returns for 3 active deposits","timestamp":"2025-03-31T22:53:00.770Z"}
{"level":"info","message":"Credited: BNBX233985 - 125.00 USDT","timestamp":"2025-03-31T22:53:01.384Z"}
{"level":"info","message":"Credited: BNBX233985 - 10.00 USDT","timestamp":"2025-03-31T22:53:01.997Z"}
{"level":"info","message":"Credited: BNBX507066 - 10.00 USDT","timestamp":"2025-03-31T22:53:02.608Z"}
{"level":"info","message":"Processed: 3 deposits, Total: 145.00 USDT","timestamp":"2025-03-31T22:53:02.608Z"}
{"level":"info","message":"Processing 0 stakes for unlocking","timestamp":"2025-03-31T22:53:02.810Z"}
{"level":"info","message":"Daily Returns Processing Completed","timestamp":"2025-03-31T22:53:02.811Z"}
{"level":"info","message":"Daily Returns Processing Started","timestamp":"2025-03-31T22:54:00.180Z"}
{"level":"info","message":"Processing returns for 3 active deposits","timestamp":"2025-03-31T22:54:00.789Z"}
{"level":"info","message":"Credited: BNBX233985 - 125.00 USDT","timestamp":"2025-03-31T22:54:01.405Z"}
{"level":"info","message":"Credited: BNBX233985 - 10.00 USDT","timestamp":"2025-03-31T22:54:02.021Z"}
{"level":"info","message":"Credited: BNBX507066 - 10.00 USDT","timestamp":"2025-03-31T22:54:02.637Z"}
{"level":"info","message":"Processed: 3 deposits, Total: 145.00 USDT","timestamp":"2025-03-31T22:54:02.637Z"}
{"level":"info","message":"Processing 0 stakes for unlocking","timestamp":"2025-03-31T22:54:02.839Z"}
{"level":"info","message":"Daily Returns Processing Completed","timestamp":"2025-03-31T22:54:02.839Z"}
{"level":"info","message":"Daily Returns Processing Started","timestamp":"2025-03-31T22:55:00.211Z"}
{"level":"info","message":"Processing returns for 3 active deposits","timestamp":"2025-03-31T22:55:00.829Z"}
{"level":"info","message":"Credited: BNBX233985 - 125.00 USDT","timestamp":"2025-03-31T22:55:01.445Z"}
{"level":"info","message":"Credited: BNBX233985 - 10.00 USDT","timestamp":"2025-03-31T22:55:02.057Z"}
{"level":"info","message":"Credited: BNBX507066 - 10.00 USDT","timestamp":"2025-03-31T22:55:02.671Z"}
{"level":"info","message":"Processed: 3 deposits, Total: 145.00 USDT","timestamp":"2025-03-31T22:55:02.672Z"}
{"level":"info","message":"Processing 0 stakes for unlocking","timestamp":"2025-03-31T22:55:02.873Z"}
{"level":"info","message":"Daily Returns Processing Completed","timestamp":"2025-03-31T22:55:02.873Z"}
{"level":"info","message":"Daily Returns Processing Started","timestamp":"2025-03-31T22:56:00.235Z"}
{"level":"info","message":"Processing returns for 3 active deposits","timestamp":"2025-03-31T22:56:00.846Z"}
{"level":"info","message":"Credited: BNBX233985 - 125.00 USDT","timestamp":"2025-03-31T22:56:01.458Z"}
{"level":"info","message":"Credited: BNBX233985 - 10.00 USDT","timestamp":"2025-03-31T22:56:02.071Z"}
{"level":"info","message":"Credited: BNBX507066 - 10.00 USDT","timestamp":"2025-03-31T22:56:02.683Z"}
{"level":"info","message":"Processed: 3 deposits, Total: 145.00 USDT","timestamp":"2025-03-31T22:56:02.683Z"}
{"level":"info","message":"Processing 0 stakes for unlocking","timestamp":"2025-03-31T22:56:02.885Z"}
{"level":"info","message":"Daily Returns Processing Completed","timestamp":"2025-03-31T22:56:02.885Z"}
{"level":"info","message":"Daily Returns Processing Started","timestamp":"2025-03-31T22:57:00.267Z"}
{"level":"info","message":"Processing returns for 3 active deposits","timestamp":"2025-03-31T22:57:00.881Z"}
{"level":"info","message":"Credited: BNBX233985 - 125.00 USDT","timestamp":"2025-03-31T22:57:01.494Z"}
{"level":"info","message":"Credited: BNBX233985 - 10.00 USDT","timestamp":"2025-03-31T22:57:02.107Z"}
{"level":"info","message":"Credited: BNBX507066 - 10.00 USDT","timestamp":"2025-03-31T22:57:02.728Z"}
{"level":"info","message":"Processed: 3 deposits, Total: 145.00 USDT","timestamp":"2025-03-31T22:57:02.729Z"}
{"level":"info","message":"Processing 0 stakes for unlocking","timestamp":"2025-03-31T22:57:02.930Z"}
{"level":"info","message":"Daily Returns Processing Completed","timestamp":"2025-03-31T22:57:02.931Z"}
{"level":"info","message":"Daily Returns Processing Started","timestamp":"2025-03-31T22:58:00.291Z"}
{"level":"info","message":"Processing returns for 3 active deposits","timestamp":"2025-03-31T22:58:00.900Z"}
{"level":"info","message":"Credited: BNBX233985 - 125.00 USDT","timestamp":"2025-03-31T22:58:01.511Z"}
{"level":"info","message":"Credited: BNBX233985 - 10.00 USDT","timestamp":"2025-03-31T22:58:02.123Z"}
{"level":"info","message":"Credited: BNBX507066 - 10.00 USDT","timestamp":"2025-03-31T22:58:02.734Z"}
{"level":"info","message":"Processed: 3 deposits, Total: 145.00 USDT","timestamp":"2025-03-31T22:58:02.734Z"}
{"level":"info","message":"Processing 0 stakes for unlocking","timestamp":"2025-03-31T22:58:02.935Z"}
{"level":"info","message":"Daily Returns Processing Completed","timestamp":"2025-03-31T22:58:02.935Z"}
{"level":"info","message":"Daily Returns Processing Started","timestamp":"2025-03-31T22:59:00.661Z"}
{"level":"info","message":"Processing returns for 3 active deposits","timestamp":"2025-03-31T22:59:01.292Z"}
{"level":"info","message":"Unlocked: BNBX233985 - 5000 USDT","timestamp":"2025-03-31T22:59:03.124Z"}
{"level":"info","message":"Credited: BNBX233985 - 125.00 USDT","timestamp":"2025-03-31T22:59:03.124Z"}
{"level":"info","message":"Unlocked: BNBX233985 - 500 USDT","timestamp":"2025-03-31T22:59:04.943Z"}
{"level":"info","message":"Credited: BNBX233985 - 10.00 USDT","timestamp":"2025-03-31T22:59:04.943Z"}
{"level":"info","message":"Unlocked: BNBX507066 - 500 USDT","timestamp":"2025-03-31T22:59:06.759Z"}
{"level":"info","message":"Credited: BNBX507066 - 10.00 USDT","timestamp":"2025-03-31T22:59:06.759Z"}
{"level":"info","message":"Processed: 3 deposits, Total Interest: 145.00 USDT, Unlocked Stakes: 3","timestamp":"2025-03-31T22:59:06.759Z"}
{"error":"this.processStakeUnlocking is not a function","level":"error","message":"Error processing daily returns:","stack":"TypeError: this.processStakeUnlocking is not a function\n    at ReturnsService.processUserDailyReturns (/root/stakingBackendF/services/returns.service.js:32:24)\n    at process.processTicksAndRejections (node:internal/process/task_queues:95:5)\n    at async Task._execution (/root/stakingBackendF/cron/returns.cron.js:35:17)","timestamp":"2025-03-31T22:59:06.760Z"}
{"level":"info","message":"Daily Returns Processing Started","timestamp":"2025-03-31T23:00:00.694Z"}
{"level":"info","message":"Processing returns for 0 active deposits","timestamp":"2025-03-31T23:00:01.104Z"}
{"level":"info","message":"Processed: 0 deposits, Total Interest: 0.00 USDT, Unlocked Stakes: 0","timestamp":"2025-03-31T23:00:01.104Z"}
{"error":"this.processStakeUnlocking is not a function","level":"error","message":"Error processing daily returns:","stack":"TypeError: this.processStakeUnlocking is not a function\n    at ReturnsService.processUserDailyReturns (/root/stakingBackendF/services/returns.service.js:32:24)\n    at process.processTicksAndRejections (node:internal/process/task_queues:95:5)\n    at async Task._execution (/root/stakingBackendF/cron/returns.cron.js:35:17)","timestamp":"2025-03-31T23:00:01.105Z"}
{"level":"info","message":"Daily Returns Processing Started","timestamp":"2025-03-31T23:01:00.721Z"}
{"level":"info","message":"Processing returns for 0 active deposits","timestamp":"2025-03-31T23:01:01.132Z"}
{"level":"info","message":"Processed: 0 deposits, Total Interest: 0.00 USDT, Unlocked Stakes: 0","timestamp":"2025-03-31T23:01:01.133Z"}
{"error":"this.processStakeUnlocking is not a function","level":"error","message":"Error processing daily returns:","stack":"TypeError: this.processStakeUnlocking is not a function\n    at ReturnsService.processUserDailyReturns (/root/stakingBackendF/services/returns.service.js:32:24)\n    at process.processTicksAndRejections (node:internal/process/task_queues:95:5)\n    at async Task._execution (/root/stakingBackendF/cron/returns.cron.js:35:17)","timestamp":"2025-03-31T23:01:01.133Z"}
{"level":"info","message":"Daily Returns Processing Started","timestamp":"2025-03-31T23:02:00.746Z"}
{"level":"info","message":"Processing returns for 0 active deposits","timestamp":"2025-03-31T23:02:01.150Z"}
{"level":"info","message":"Processed: 0 deposits, Total Interest: 0.00 USDT, Unlocked Stakes: 0","timestamp":"2025-03-31T23:02:01.150Z"}
{"error":"this.processStakeUnlocking is not a function","level":"error","message":"Error processing daily returns:","stack":"TypeError: this.processStakeUnlocking is not a function\n    at ReturnsService.processUserDailyReturns (/root/stakingBackendF/services/returns.service.js:32:24)\n    at process.processTicksAndRejections (node:internal/process/task_queues:95:5)\n    at async Task._execution (/root/stakingBackendF/cron/returns.cron.js:35:17)","timestamp":"2025-03-31T23:02:01.150Z"}
{"level":"info","message":"Daily Returns Processing Started","timestamp":"2025-03-31T23:03:00.782Z"}
{"level":"info","message":"Processing returns for 0 active deposits","timestamp":"2025-03-31T23:03:01.192Z"}
{"level":"info","message":"Processed: 0 deposits, Total Interest: 0.00 USDT, Unlocked Stakes: 0","timestamp":"2025-03-31T23:03:01.193Z"}
{"error":"this.processStakeUnlocking is not a function","level":"error","message":"Error processing daily returns:","stack":"TypeError: this.processStakeUnlocking is not a function\n    at ReturnsService.processUserDailyReturns (/root/stakingBackendF/services/returns.service.js:32:24)\n    at process.processTicksAndRejections (node:internal/process/task_queues:95:5)\n    at async Task._execution (/root/stakingBackendF/cron/returns.cron.js:35:17)","timestamp":"2025-03-31T23:03:01.193Z"}
{"level":"info","message":"Daily Returns Processing Started","timestamp":"2025-03-31T23:04:00.811Z"}
{"level":"info","message":"Processing returns for 0 active deposits","timestamp":"2025-03-31T23:04:01.214Z"}
{"level":"info","message":"Processed: 0 deposits, Total Interest: 0.00 USDT, Unlocked Stakes: 0","timestamp":"2025-03-31T23:04:01.214Z"}
{"error":"this.processStakeUnlocking is not a function","level":"error","message":"Error processing daily returns:","stack":"TypeError: this.processStakeUnlocking is not a function\n    at ReturnsService.processUserDailyReturns (/root/stakingBackendF/services/returns.service.js:32:24)\n    at process.processTicksAndRejections (node:internal/process/task_queues:95:5)\n    at async Task._execution (/root/stakingBackendF/cron/returns.cron.js:35:17)","timestamp":"2025-03-31T23:04:01.215Z"}
{"level":"info","message":"Daily Returns Processing Started","timestamp":"2025-03-31T23:06:00.064Z"}
{"level":"info","message":"Processing returns for 0 active deposits","timestamp":"2025-03-31T23:06:00.461Z"}
{"level":"info","message":"Processed: 0 deposits, Total Interest: 0.00 USDT, Unlocked Stakes: 0","timestamp":"2025-03-31T23:06:00.461Z"}
{"error":"this.processStakeUnlocking is not a function","level":"error","message":"Error processing daily returns:","stack":"TypeError: this.processStakeUnlocking is not a function\n    at ReturnsService.processUserDailyReturns (/root/stakingBackendF/services/returns.service.js:32:24)\n    at process.processTicksAndRejections (node:internal/process/task_queues:95:5)\n    at async Task._execution (/root/stakingBackendF/cron/returns.cron.js:35:17)","timestamp":"2025-03-31T23:06:00.462Z"}
{"level":"info","message":"Daily Returns Processing Started","timestamp":"2025-03-31T23:07:00.099Z"}
{"level":"info","message":"Processing returns for 0 active deposits","timestamp":"2025-03-31T23:07:00.487Z"}
{"level":"info","message":"Processed: 0 deposits, Total Interest: 0.00 USDT, Unlocked Stakes: 0","timestamp":"2025-03-31T23:07:00.488Z"}
{"error":"this.processStakeUnlocking is not a function","level":"error","message":"Error processing daily returns:","stack":"TypeError: this.processStakeUnlocking is not a function\n    at ReturnsService.processUserDailyReturns (/root/stakingBackendF/services/returns.service.js:32:24)\n    at process.processTicksAndRejections (node:internal/process/task_queues:95:5)\n    at async Task._execution (/root/stakingBackendF/cron/returns.cron.js:35:17)","timestamp":"2025-03-31T23:07:00.488Z"}
{"level":"info","message":"Daily Returns Processing Started","timestamp":"2025-03-31T23:08:00.129Z"}
{"level":"info","message":"Processing returns for 0 active deposits","timestamp":"2025-03-31T23:08:00.524Z"}
{"level":"info","message":"Processed: 0 deposits, Total Interest: 0.00 USDT, Unlocked Stakes: 0","timestamp":"2025-03-31T23:08:00.524Z"}
{"error":"this.processStakeUnlocking is not a function","level":"error","message":"Error processing daily returns:","stack":"TypeError: this.processStakeUnlocking is not a function\n    at ReturnsService.processUserDailyReturns (/root/stakingBackendF/services/returns.service.js:32:24)\n    at process.processTicksAndRejections (node:internal/process/task_queues:95:5)\n    at async Task._execution (/root/stakingBackendF/cron/returns.cron.js:35:17)","timestamp":"2025-03-31T23:08:00.525Z"}
{"level":"info","message":"Daily Returns Processing Started","timestamp":"2025-03-31T23:09:00.595Z"}
{"level":"info","message":"Processing returns for 0 active deposits","timestamp":"2025-03-31T23:09:01.008Z"}
{"level":"info","message":"Processed: 0 deposits, Total Interest: 0.00 USDT, Unlocked Stakes: 0","timestamp":"2025-03-31T23:09:01.009Z"}
{"level":"info","message":"Daily Returns Processing Completed","timestamp":"2025-03-31T23:09:01.009Z"}
{"level":"info","message":"Daily Returns Processing Started","timestamp":"2025-03-31T23:10:00.627Z"}
{"level":"info","message":"Processing returns for 0 active deposits","timestamp":"2025-03-31T23:10:01.025Z"}
{"level":"info","message":"Processed: 0 deposits, Total Interest: 0.00 USDT, Unlocked Stakes: 0","timestamp":"2025-03-31T23:10:01.026Z"}
{"level":"info","message":"Daily Returns Processing Completed","timestamp":"2025-03-31T23:10:01.026Z"}
{"level":"info","message":"Daily Returns Processing Started","timestamp":"2025-03-31T23:11:00.650Z"}
{"level":"info","message":"Processing returns for 0 active deposits","timestamp":"2025-03-31T23:11:01.052Z"}
{"level":"info","message":"Processed: 0 deposits, Total Interest: 0.00 USDT, Unlocked Stakes: 0","timestamp":"2025-03-31T23:11:01.052Z"}
{"level":"info","message":"Daily Returns Processing Completed","timestamp":"2025-03-31T23:11:01.052Z"}
{"level":"info","message":"Daily Returns Processing Started","timestamp":"2025-03-31T23:12:00.669Z"}
{"level":"info","message":"Processing returns for 0 active deposits","timestamp":"2025-03-31T23:12:01.064Z"}
{"level":"info","message":"Processed: 0 deposits, Total Interest: 0.00 USDT, Unlocked Stakes: 0","timestamp":"2025-03-31T23:12:01.065Z"}
{"level":"info","message":"Daily Returns Processing Completed","timestamp":"2025-03-31T23:12:01.065Z"}
{"level":"info","message":"Daily Returns Processing Started","timestamp":"2025-03-31T23:13:00.694Z"}
{"level":"info","message":"Processing returns for 0 active deposits","timestamp":"2025-03-31T23:13:01.097Z"}
{"level":"info","message":"Processed: 0 deposits, Total Interest: 0.00 USDT, Unlocked Stakes: 0","timestamp":"2025-03-31T23:13:01.097Z"}
{"level":"info","message":"Daily Returns Processing Completed","timestamp":"2025-03-31T23:13:01.097Z"}
{"level":"info","message":"Daily Returns Processing Started","timestamp":"2025-03-31T23:14:00.717Z"}
{"level":"info","message":"Processing returns for 0 active deposits","timestamp":"2025-03-31T23:14:01.112Z"}
{"level":"info","message":"Processed: 0 deposits, Total Interest: 0.00 USDT, Unlocked Stakes: 0","timestamp":"2025-03-31T23:14:01.113Z"}
{"level":"info","message":"Daily Returns Processing Completed","timestamp":"2025-03-31T23:14:01.113Z"}
{"level":"info","message":"Daily Returns Processing Started","timestamp":"2025-03-31T23:15:00.752Z"}
{"level":"info","message":"Processing returns for 0 active deposits","timestamp":"2025-03-31T23:15:01.155Z"}
{"level":"info","message":"Processed: 0 deposits, Total Interest: 0.00 USDT, Unlocked Stakes: 0","timestamp":"2025-03-31T23:15:01.155Z"}
{"level":"info","message":"Daily Returns Processing Completed","timestamp":"2025-03-31T23:15:01.155Z"}
{"level":"info","message":"Daily Returns Processing Started","timestamp":"2025-03-31T23:16:00.781Z"}
{"level":"info","message":"Processing returns for 0 active deposits","timestamp":"2025-03-31T23:16:01.177Z"}
{"level":"info","message":"Processed: 0 deposits, Total Interest: 0.00 USDT, Unlocked Stakes: 0","timestamp":"2025-03-31T23:16:01.177Z"}
{"level":"info","message":"Daily Returns Processing Completed","timestamp":"2025-03-31T23:16:01.177Z"}
{"level":"info","message":"Daily Returns Processing Started","timestamp":"2025-03-31T23:17:00.811Z"}
{"level":"info","message":"Processing returns for 0 active deposits","timestamp":"2025-03-31T23:17:01.215Z"}
{"level":"info","message":"Processed: 0 deposits, Total Interest: 0.00 USDT, Unlocked Stakes: 0","timestamp":"2025-03-31T23:17:01.215Z"}
{"level":"info","message":"Daily Returns Processing Completed","timestamp":"2025-03-31T23:17:01.215Z"}
{"level":"info","message":"Daily Returns Processing Started","timestamp":"2025-03-31T23:18:00.838Z"}
{"level":"info","message":"Processing returns for 0 active deposits","timestamp":"2025-03-31T23:18:01.235Z"}
{"level":"info","message":"Processed: 0 deposits, Total Interest: 0.00 USDT, Unlocked Stakes: 0","timestamp":"2025-03-31T23:18:01.235Z"}
{"level":"info","message":"Daily Returns Processing Completed","timestamp":"2025-03-31T23:18:01.235Z"}
{"level":"info","message":"Daily Returns Processing Started","timestamp":"2025-03-31T23:19:00.870Z"}
{"level":"info","message":"Processing returns for 0 active deposits","timestamp":"2025-03-31T23:19:01.277Z"}
{"level":"info","message":"Processed: 0 deposits, Total Interest: 0.00 USDT, Unlocked Stakes: 0","timestamp":"2025-03-31T23:19:01.277Z"}
{"level":"info","message":"Daily Returns Processing Completed","timestamp":"2025-03-31T23:19:01.277Z"}
{"level":"info","message":"Daily Returns Processing Started","timestamp":"2025-03-31T23:20:00.900Z"}
{"level":"info","message":"Processing returns for 0 active deposits","timestamp":"2025-03-31T23:20:01.296Z"}
{"level":"info","message":"Processed: 0 deposits, Total Interest: 0.00 USDT, Unlocked Stakes: 0","timestamp":"2025-03-31T23:20:01.297Z"}
{"level":"info","message":"Daily Returns Processing Completed","timestamp":"2025-03-31T23:20:01.299Z"}
{"level":"info","message":"Daily Returns Processing Started","timestamp":"2025-03-31T23:21:00.922Z"}
{"level":"info","message":"Processing returns for 0 active deposits","timestamp":"2025-03-31T23:21:01.325Z"}
{"level":"info","message":"Processed: 0 deposits, Total Interest: 0.00 USDT, Unlocked Stakes: 0","timestamp":"2025-03-31T23:21:01.325Z"}
{"level":"info","message":"Daily Returns Processing Completed","timestamp":"2025-03-31T23:21:01.325Z"}
{"level":"info","message":"Daily Returns Processing Started","timestamp":"2025-04-01T00:00:00.291Z"}
{"level":"info","message":"Processing returns for 3 active deposits","timestamp":"2025-04-01T00:00:00.386Z"}
{"level":"info","message":"Credited: BNBX968268 - 1.66 USDT","timestamp":"2025-04-01T00:00:00.437Z"}
{"error":"Log validation failed: type: `TRANSACTION` is not a valid enum value for path `type`.","level":"error","message":"Error processing deposit 67e965aaa4e9dd207a7b98df:","stack":"ValidationError: Log validation failed: type: `TRANSACTION` is not a valid enum value for path `type`.\n    at Document.invalidate (/root/stakingBackendF/node_modules/mongoose/lib/document.js:3201:32)\n    at /root/stakingBackendF/node_modules/mongoose/lib/document.js:2994:17\n    at /root/stakingBackendF/node_modules/mongoose/lib/schemaType.js:1370:9\n    at process.processTicksAndRejections (node:internal/process/task_queues:77:11)","timestamp":"2025-04-01T00:00:00.442Z"}
{"level":"info","message":"Credited: BNBX917541 - 1.66 USDT","timestamp":"2025-04-01T00:00:00.459Z"}
{"error":"Log validation failed: type: `TRANSACTION` is not a valid enum value for path `type`.","level":"error","message":"Error processing deposit 67e979861712f6974a3e46ef:","stack":"ValidationError: Log validation failed: type: `TRANSACTION` is not a valid enum value for path `type`.\n    at Document.invalidate (/root/stakingBackendF/node_modules/mongoose/lib/document.js:3201:32)\n    at /root/stakingBackendF/node_modules/mongoose/lib/document.js:2994:17\n    at /root/stakingBackendF/node_modules/mongoose/lib/schemaType.js:1370:9\n    at process.processTicksAndRejections (node:internal/process/task_queues:77:11)","timestamp":"2025-04-01T00:00:00.461Z"}
{"level":"info","message":"Credited: BNBX411451 - 1.66 USDT","timestamp":"2025-04-01T00:00:00.474Z"}
{"error":"Log validation failed: type: `TRANSACTION` is not a valid enum value for path `type`.","level":"error","message":"Error processing deposit 67ea1de910dbdcc46a59d577:","stack":"ValidationError: Log validation failed: type: `TRANSACTION` is not a valid enum value for path `type`.\n    at Document.invalidate (/root/stakingBackendF/node_modules/mongoose/lib/document.js:3201:32)\n    at /root/stakingBackendF/node_modules/mongoose/lib/document.js:2994:17\n    at /root/stakingBackendF/node_modules/mongoose/lib/schemaType.js:1370:9\n    at process.processTicksAndRejections (node:internal/process/task_queues:77:11)","timestamp":"2025-04-01T00:00:00.476Z"}
{"level":"info","message":"Processed: 3 deposits, Total Interest: 4.98 USDT, Unlocked Stakes: 0","timestamp":"2025-04-01T00:00:00.482Z"}
{"level":"info","message":"Daily Returns Processing Completed","timestamp":"2025-04-01T00:00:00.483Z"}
{"level":"info","message":"Daily Returns Processing Started","timestamp":"2025-04-02T00:00:00.462Z"}
{"level":"info","message":"Processing returns for 1 active deposits","timestamp":"2025-04-02T00:00:00.605Z"}
{"level":"info","message":"Credited: BNBX144385 - 125.00 USDT","timestamp":"2025-04-02T00:00:00.649Z"}
{"error":"Log validation failed: type: `TRANSACTION` is not a valid enum value for path `type`.","level":"error","message":"Error processing deposit 67ec1033d7cd8d7c518477a0:","stack":"ValidationError: Log validation failed: type: `TRANSACTION` is not a valid enum value for path `type`.\n    at Document.invalidate (/root/stakingBackendF/node_modules/mongoose/lib/document.js:3201:32)\n    at /root/stakingBackendF/node_modules/mongoose/lib/document.js:2994:17\n    at /root/stakingBackendF/node_modules/mongoose/lib/schemaType.js:1370:9\n    at process.processTicksAndRejections (node:internal/process/task_queues:77:11)","timestamp":"2025-04-02T00:00:00.657Z"}
{"level":"info","message":"Processed: 1 deposits, Total Interest: 125.00 USDT, Unlocked Stakes: 0","timestamp":"2025-04-02T00:00:00.664Z"}
{"level":"info","message":"Daily Returns Processing Completed","timestamp":"2025-04-02T00:00:00.665Z"}
{"level":"info","message":"Daily Returns Processing Started","timestamp":"2025-04-03T00:00:00.584Z"}
{"level":"info","message":"Processing returns for 1 active deposits","timestamp":"2025-04-03T00:00:00.886Z"}
{"level":"info","message":"Credited: BNBX144385 - 125.00 USDT","timestamp":"2025-04-03T00:00:01.017Z"}
{"level":"info","message":"Processed: 1 deposits, Total Interest: 125.00 USDT, Unlocked Stakes: 0","timestamp":"2025-04-03T00:00:01.034Z"}
{"level":"info","message":"Daily Returns Processing Completed","timestamp":"2025-04-03T00:00:01.034Z"}
{"level":"info","message":"Daily Returns Processing Started","timestamp":"2025-04-04T00:00:00.376Z"}
{"level":"info","message":"Processing returns for 3 active deposits","timestamp":"2025-04-04T00:00:00.654Z"}
{"level":"info","message":"Credited: BNBX144385 - 125.00 USDT","timestamp":"2025-04-04T00:00:00.708Z"}
{"level":"info","message":"Credited: BNBX854506 - 1.00 USDT","timestamp":"2025-04-04T00:00:00.834Z"}
{"level":"info","message":"Credited: BNBX370677 - 1.00 USDT","timestamp":"2025-04-04T00:00:00.889Z"}
{"level":"info","message":"Processed: 3 deposits, Total Interest: 127.00 USDT, Unlocked Stakes: 0","timestamp":"2025-04-04T00:00:00.901Z"}
{"level":"info","message":"Daily Returns Processing Completed","timestamp":"2025-04-04T00:00:00.902Z"}
{"level":"info","message":"Daily Returns Processing Started","timestamp":"2025-04-05T00:00:00.314Z"}
{"level":"info","message":"Processing returns for 3 active deposits","timestamp":"2025-04-05T00:00:00.368Z"}
{"level":"info","message":"Credited: BNBX144385 - 125.00 USDT","timestamp":"2025-04-05T00:00:00.403Z"}
{"level":"info","message":"Credited: BNBX854506 - 1.00 USDT","timestamp":"2025-04-05T00:00:00.413Z"}
{"level":"info","message":"Credited: BNBX370677 - 1.00 USDT","timestamp":"2025-04-05T00:00:00.420Z"}
{"level":"info","message":"Processed: 3 deposits, Total Interest: 127.00 USDT, Unlocked Stakes: 0","timestamp":"2025-04-05T00:00:00.423Z"}
{"level":"info","message":"Daily Returns Processing Completed","timestamp":"2025-04-05T00:00:00.423Z"}
{"level":"info","message":"Daily Returns Processing Started","timestamp":"2025-04-06T00:00:00.706Z"}
{"level":"info","message":"Processing returns for 3 active deposits","timestamp":"2025-04-06T00:00:00.783Z"}
{"level":"info","message":"Credited: BNBX144385 - 125.00 USDT","timestamp":"2025-04-06T00:00:00.821Z"}
{"level":"info","message":"Credited: BNBX854506 - 1.00 USDT","timestamp":"2025-04-06T00:00:00.841Z"}
{"level":"info","message":"Credited: BNBX370677 - 1.00 USDT","timestamp":"2025-04-06T00:00:00.852Z"}
{"level":"info","message":"Processed: 3 deposits, Total Interest: 127.00 USDT, Unlocked Stakes: 0","timestamp":"2025-04-06T00:00:00.854Z"}
{"level":"info","message":"Daily Returns Processing Completed","timestamp":"2025-04-06T00:00:00.854Z"}
{"level":"info","message":"Daily Returns Processing Started","timestamp":"2025-04-07T00:00:00.990Z"}
{"level":"info","message":"Processing returns for 5 active deposits","timestamp":"2025-04-07T00:00:01.085Z"}
{"level":"info","message":"Credited: BNBX144385 - 125.00 USDT","timestamp":"2025-04-07T00:00:01.116Z"}
{"level":"info","message":"Credited: BNBX854506 - 1.00 USDT","timestamp":"2025-04-07T00:00:01.132Z"}
{"level":"info","message":"Credited: BNBX370677 - 1.00 USDT","timestamp":"2025-04-07T00:00:01.159Z"}
{"level":"info","message":"Credited: BNBX703492 - 1.00 USDT","timestamp":"2025-04-07T00:00:01.215Z"}
{"level":"info","message":"Credited: BNBX126646 - 2.00 USDT","timestamp":"2025-04-07T00:00:01.229Z"}
{"level":"info","message":"Processed: 5 deposits, Total Interest: 130.00 USDT, Unlocked Stakes: 0","timestamp":"2025-04-07T00:00:01.233Z"}
{"level":"info","message":"Daily Returns Processing Completed","timestamp":"2025-04-07T00:00:01.233Z"}
